0 info it worked if it ends with ok
1 verbose cli [ '/usr/bin/nodejs',
1 verbose cli   '/usr/bin/npm',
1 verbose cli   'install',
1 verbose cli   '-g',
1 verbose cli   'capistrano' ]
2 info using npm@1.3.10
3 info using node@v0.10.25
4 verbose cache add [ 'capistrano', null ]
5 verbose cache add name=undefined spec="capistrano" args=["capistrano",null]
6 verbose parsed url { protocol: null,
6 verbose parsed url   slashes: null,
6 verbose parsed url   auth: null,
6 verbose parsed url   host: null,
6 verbose parsed url   port: null,
6 verbose parsed url   hostname: null,
6 verbose parsed url   hash: null,
6 verbose parsed url   search: null,
6 verbose parsed url   query: null,
6 verbose parsed url   pathname: 'capistrano',
6 verbose parsed url   path: 'capistrano',
6 verbose parsed url   href: 'capistrano' }
7 silly lockFile 6631c00f-capistrano capistrano
8 verbose lock capistrano /root/.npm/6631c00f-capistrano.lock
9 silly lockFile 6631c00f-capistrano capistrano
10 silly lockFile 6631c00f-capistrano capistrano
11 verbose addNamed [ 'capistrano', '' ]
12 verbose addNamed [ null, '*' ]
13 silly lockFile 3f92aafd-capistrano capistrano@
14 verbose lock capistrano@ /root/.npm/3f92aafd-capistrano.lock
15 silly addNameRange { name: 'capistrano', range: '*', hasData: false }
16 verbose url raw capistrano
17 verbose url resolving [ 'https://registry.npmjs.org/', './capistrano' ]
18 verbose url resolved https://registry.npmjs.org/capistrano
19 info trying registry request attempt 1 at 06:03:10
20 http GET https://registry.npmjs.org/capistrano
21 http 404 https://registry.npmjs.org/capistrano
22 silly registry.get cb [ 404,
22 silly registry.get   { date: 'Sun, 26 Oct 2014 05:03:10 GMT',
22 silly registry.get     server: 'CouchDB/1.5.0 (Erlang OTP/R16B03)',
22 silly registry.get     'content-type': 'application/json',
22 silly registry.get     'cache-control': 'max-age=0',
22 silly registry.get     'content-length': '52',
22 silly registry.get     'accept-ranges': 'bytes',
22 silly registry.get     via: '1.1 varnish',
22 silly registry.get     age: '0',
22 silly registry.get     'x-served-by': 'cache-fra1232-FRA',
22 silly registry.get     'x-cache': 'MISS',
22 silly registry.get     'x-cache-hits': '0',
22 silly registry.get     'x-timer': 'S1414299790.496511,VS0,VE180',
22 silly registry.get     'keep-alive': 'timeout=10, max=50',
22 silly registry.get     connection: 'Keep-Alive' } ]
23 silly lockFile 3f92aafd-capistrano capistrano@
24 silly lockFile 3f92aafd-capistrano capistrano@
25 error 404 'capistrano' is not in the npm registry.
25 error 404 You should bug the author to publish it
25 error 404
25 error 404 Note that you can also install from a
25 error 404 tarball, folder, or http url, or git url.
26 error System Linux 3.13.0-27-generic
27 error command "/usr/bin/nodejs" "/usr/bin/npm" "install" "-g" "capistrano"
28 error cwd /var/www/html/website/production
29 error node -v v0.10.25
30 error npm -v 1.3.10
31 error code E404
32 verbose exit [ 1, true ]
